<?xml version="1.0" encoding="UTF-8"?>
<!-- Generated by org.testng.reporters.JUnitXMLReporter -->
<testsuite ignored="0" hostname="umesh-Inspiron-1545" failures="0" tests="3" name="user-john" time="11.33" errors="0" timestamp="2024-07-30T20:22:00 IST">
  <testcase classname="tests.vendorportal.VendorPortalTest" name="loginTest" time="4.378"/>
  <testcase classname="tests.vendorportal.VendorPortalTest" name="dashboardTest" time="3.594"/>
  <testcase classname="tests.vendorportal.VendorPortalTest" name="logoutTest" time="1.438"/>
</testsuite> <!-- user-john -->
