<?xml version="1.0" encoding="UTF-8"?>
<!-- Generated by org.testng.reporters.JUnitXMLReporter -->
<testsuite ignored="0" hostname="umesh-Inspiron-1545" failures="0" tests="5" name="passengers-count-4" time="15.363" errors="0" timestamp="2024-07-29T18:31:05 IST">
  <testcase classname="flightreservation.FlightReservationTest" name="userRegistrationTest" time="5.524"/>
  <testcase classname="flightreservation.FlightReservationTest" name="registrationConfirmationTest" time="1.548"/>
  <testcase classname="flightreservation.FlightReservationTest" name="flightSearchTest" time="2.579"/>
  <testcase classname="flightreservation.FlightReservationTest" name="flightSelectionTest" time="2.04"/>
  <testcase classname="flightreservation.FlightReservationTest" name="flightReservationConfirmationTest" time="0.811"/>
</testsuite> <!-- passengers-count-4 -->
