<?xml version="1.0" encoding="UTF-8"?>
<!-- Generated by org.testng.reporters.JUnitXMLReporter -->
<testsuite ignored="0" hostname="umesh-Inspiron-1545" failures="0" tests="5" name="passengers-count-2" time="17.663" errors="0" timestamp="2024-07-29T18:30:33 IST">
  <testcase classname="flightreservation.FlightReservationTest" name="userRegistrationTest" time="6.028"/>
  <testcase classname="flightreservation.FlightReservationTest" name="registrationConfirmationTest" time="2.0"/>
  <testcase classname="flightreservation.FlightReservationTest" name="flightSearchTest" time="1.429"/>
  <testcase classname="flightreservation.FlightReservationTest" name="flightSelectionTest" time="2.533"/>
  <testcase classname="flightreservation.FlightReservationTest" name="flightReservationConfirmationTest" time="1.909"/>
</testsuite> <!-- passengers-count-2 -->
