<?xml version="1.0" encoding="UTF-8"?>
<!-- Generated by org.testng.reporters.JUnitXMLReporter -->
<testsuite ignored="0" hostname="umesh-Inspiron-1545" failures="0" tests="5" name="passengers-count-1" time="29.935" errors="0" timestamp="2024-07-29T18:30:16 IST">
  <testcase classname="flightreservation.FlightReservationTest" name="userRegistrationTest" time="6.09"/>
  <testcase classname="flightreservation.FlightReservationTest" name="registrationConfirmationTest" time="0.413"/>
  <testcase classname="flightreservation.FlightReservationTest" name="flightSearchTest" time="2.846"/>
  <testcase classname="flightreservation.FlightReservationTest" name="flightSelectionTest" time="2.045"/>
  <testcase classname="flightreservation.FlightReservationTest" name="flightReservationConfirmationTest" time="1.986"/>
</testsuite> <!-- passengers-count-1 -->
