<?xml version="1.0" encoding="UTF-8"?>
<testng-results ignored="0" total="3" passed="3" failed="0" skipped="0">
  <reporter-output>
  </reporter-output>
  <suite started-at="2024-07-30T15:46:21 IST" name="Default suite" finished-at="2024-07-30T15:46:38 IST" duration-ms="16166">
    <groups>
    </groups>
    <test started-at="2024-07-30T15:46:21 IST" name="Default test" finished-at="2024-07-30T15:46:38 IST" duration-ms="16166">
      <class name="tests.vendorportal.VendorPortalTest">
        <test-method is-config="true" signature="setDriver()[pri:0, instance:tests.vendorportal.VendorPortalTest@cd3fee8]" started-at="2024-07-30T15:46:21 IST" name="setDriver" finished-at="2024-07-30T15:46:27 IST" duration-ms="5521" status="PASS">
          <reporter-output>
          </reporter-output>
        </test-method> <!-- setDriver -->
        <test-method is-config="true" signature="setPageObjects()[pri:0, instance:tests.vendorportal.VendorPortalTest@cd3fee8]" started-at="2024-07-30T15:46:27 IST" name="setPageObjects" finished-at="2024-07-30T15:46:27 IST" depends-on-methods="tests.AbstractTest.setDriver" duration-ms="160" status="PASS">
          <reporter-output>
          </reporter-output>
        </test-method> <!-- setPageObjects -->
        <test-method signature="loginTest()[pri:0, instance:tests.vendorportal.VendorPortalTest@cd3fee8]" started-at="2024-07-30T15:46:27 IST" name="loginTest" finished-at="2024-07-30T15:46:30 IST" duration-ms="2902" status="PASS">
          <reporter-output>
          </reporter-output>
        </test-method> <!-- loginTest -->
        <test-method signature="dashboardTest()[pri:0, instance:tests.vendorportal.VendorPortalTest@cd3fee8]" started-at="2024-07-30T15:46:30 IST" name="dashboardTest" finished-at="2024-07-30T15:46:34 IST" depends-on-methods="tests.vendorportal.VendorPortalTest.loginTest" duration-ms="3758" status="PASS">
          <reporter-output>
          </reporter-output>
        </test-method> <!-- dashboardTest -->
        <test-method signature="logoutTest()[pri:0, instance:tests.vendorportal.VendorPortalTest@cd3fee8]" started-at="2024-07-30T15:46:34 IST" name="logoutTest" finished-at="2024-07-30T15:46:37 IST" depends-on-methods="tests.vendorportal.VendorPortalTest.dashboardTest" duration-ms="3205" status="PASS">
          <reporter-output>
          </reporter-output>
        </test-method> <!-- logoutTest -->
        <test-method is-config="true" signature="quitDriver()[pri:0, instance:tests.vendorportal.VendorPortalTest@cd3fee8]" started-at="2024-07-30T15:46:37 IST" name="quitDriver" finished-at="2024-07-30T15:46:38 IST" duration-ms="467" status="PASS">
          <reporter-output>
          </reporter-output>
        </test-method> <!-- quitDriver -->
      </class> <!-- tests.vendorportal.VendorPortalTest -->
    </test> <!-- Default test -->
  </suite> <!-- Default suite -->
</testng-results>
