<?xml version="1.0" encoding="UTF-8"?>
<!-- Generated by org.testng.reporters.JUnitXMLReporter -->
<testsuite ignored="0" hostname="umesh-Inspiron-1545" failures="0" tests="3" name="user-sam" time="18.139" errors="0" timestamp="2024-07-30T20:21:29 IST">
  <testcase classname="tests.vendorportal.VendorPortalTest" name="loginTest" time="2.865"/>
  <testcase classname="tests.vendorportal.VendorPortalTest" name="dashboardTest" time="7.547"/>
  <testcase classname="tests.vendorportal.VendorPortalTest" name="logoutTest" time="1.546"/>
</testsuite> <!-- user-sam -->
