<?xml version="1.0" encoding="UTF-8"?>
<!-- Generated by org.testng.reporters.JUnitXMLReporter -->
<testsuite ignored="0" hostname="umesh-Inspiron-1545" failures="0" tests="5" name="passengers-count" time="42.953" errors="0" timestamp="2024-07-29T18:26:06 IST">
  <testcase classname="flightreservation.FlightReservationTest" name="userRegistrationTest" time="15.369"/>
  <testcase classname="flightreservation.FlightReservationTest" name="registrationConfirmationTest" time="2.861"/>
  <testcase classname="flightreservation.FlightReservationTest" name="flightSearchTest" time="2.691"/>
  <testcase classname="flightreservation.FlightReservationTest" name="flightSelectionTest" time="2.702"/>
  <testcase classname="flightreservation.FlightReservationTest" name="flightReservationConfirmationTest" time="2.248"/>
</testsuite> <!-- passengers-count -->
