<?xml version="1.0" encoding="UTF-8"?>
<!-- Generated by org.testng.reporters.JUnitXMLReporter -->
<testsuite ignored="0" hostname="umesh-Inspiron-1545" failures="0" tests="5" name="passengers-count-1" time="67.781" errors="0" timestamp="2024-07-30T15:44:17 IST">
  <testcase classname="tests.flightreservation.FlightReservationTest" name="userRegistrationTest" time="24.261"/>
  <testcase classname="tests.flightreservation.FlightReservationTest" name="registrationConfirmationTest" time="3.031"/>
  <testcase classname="tests.flightreservation.FlightReservationTest" name="flightSearchTest" time="3.532"/>
  <testcase classname="tests.flightreservation.FlightReservationTest" name="flightSelectionTest" time="2.836"/>
  <testcase classname="tests.flightreservation.FlightReservationTest" name="flightReservationConfirmationTest" time="0.31"/>
</testsuite> <!-- passengers-count-1 -->
