<?xml version="1.0" encoding="UTF-8"?>
<!-- Generated by org.testng.reporters.JUnitXMLReporter -->
<testsuite ignored="0" hostname="umesh-Inspiron-1545" failures="0" tests="3" name="Default test" time="16.166" errors="0" timestamp="2024-07-30T15:46:38 IST">
  <testcase classname="tests.vendorportal.VendorPortalTest" name="loginTest" time="2.902"/>
  <testcase classname="tests.vendorportal.VendorPortalTest" name="dashboardTest" time="3.758"/>
  <testcase classname="tests.vendorportal.VendorPortalTest" name="logoutTest" time="3.205"/>
</testsuite> <!-- Default test -->
