<?xml version="1.0" encoding="UTF-8"?>
<!-- Generated by org.testng.reporters.JUnitXMLReporter -->
<testsuite ignored="0" hostname="umesh-Inspiron-1545" failures="0" tests="5" name="passengers-count-4" time="13.265" errors="0" timestamp="2024-07-30T20:01:49 IST">
  <testcase classname="tests.flightreservation.FlightReservationTest" name="userRegistrationTest" time="5.353"/>
  <testcase classname="tests.flightreservation.FlightReservationTest" name="registrationConfirmationTest" time="2.063"/>
  <testcase classname="tests.flightreservation.FlightReservationTest" name="flightSearchTest" time="1.826"/>
  <testcase classname="tests.flightreservation.FlightReservationTest" name="flightSelectionTest" time="1.929"/>
  <testcase classname="tests.flightreservation.FlightReservationTest" name="flightReservationConfirmationTest" time="0.217"/>
</testsuite> <!-- passengers-count-4 -->
