<?xml version="1.0" encoding="UTF-8"?>
<!-- Generated by org.testng.reporters.JUnitXMLReporter -->
<testsuite ignored="0" hostname="umesh-Inspiron-1545" failures="0" tests="3" name="user-mike" time="19.815" errors="0" timestamp="2024-07-30T20:21:49 IST">
  <testcase classname="tests.vendorportal.VendorPortalTest" name="loginTest" time="3.195"/>
  <testcase classname="tests.vendorportal.VendorPortalTest" name="dashboardTest" time="13.25"/>
  <testcase classname="tests.vendorportal.VendorPortalTest" name="logoutTest" time="1.49"/>
</testsuite> <!-- user-mike -->
