<?xml version="1.0" encoding="UTF-8"?>
<!-- Generated by org.testng.reporters.JUnitXMLReporter -->
<testsuite ignored="0" hostname="umesh-Inspiron-1545" failures="0" tests="5" name="passengers-count-3" time="13.904" errors="0" timestamp="2024-07-30T20:01:36 IST">
  <testcase classname="tests.flightreservation.FlightReservationTest" name="userRegistrationTest" time="5.297"/>
  <testcase classname="tests.flightreservation.FlightReservationTest" name="registrationConfirmationTest" time="0.909"/>
  <testcase classname="tests.flightreservation.FlightReservationTest" name="flightSearchTest" time="2.452"/>
  <testcase classname="tests.flightreservation.FlightReservationTest" name="flightSelectionTest" time="1.996"/>
  <testcase classname="tests.flightreservation.FlightReservationTest" name="flightReservationConfirmationTest" time="1.335"/>
</testsuite> <!-- passengers-count-3 -->
